Using pre-set license
Built from '2020.3/staging' branch; Version is '2020.3.3f1 (76626098c1c4) revision 7758432'; Using compiler version '192528614'; Build Type 'Release'
OS: 'Windows 10 Home; OS build 19042.928; Version 2009; 64bit' Language: 'en' Physical Memory: 16321 MB
BatchMode: 1, IsHumanControllingUs: 0, StartBugReporterOnCrash: 0, Is64bit: 1, IsPro: 0

 COMMAND LINE ARGUMENTS:
E:\Unity\2020.3.3f1\Editor\Unity.exe
-adb2
-batchMode
-noUpm
-name
AssetImportWorker0
-projectPath
E:/School Stuff/Cross Plateform/GitHub/Cross-Plateform
-logFile
Logs/AssetImportWorker0.log
-srvPort
52648
Successfully changed project path to: E:/School Stuff/Cross Plateform/GitHub/Cross-Plateform
E:/School Stuff/Cross Plateform/GitHub/Cross-Plateform
Using Asset Import Pipeline V2.
Refreshing native plugins compatible for Editor in 50.10 ms, found 1 plugins.
Preloading 0 native plugins for Editor in 0.00 ms.
Initialize engine version: 2020.3.3f1 (76626098c1c4)
[Subsystems] Discovering subsystems at path E:/Unity/2020.3.3f1/Editor/Data/Resources/UnitySubsystems
[Subsystems] Discovering subsystems at path E:/School Stuff/Cross Plateform/GitHub/Cross-Plateform/Assets
GfxDevice: creating device client; threaded=0
Direct3D:
    Version:  Direct3D 11.0 [level 11.1]
    Renderer: AMD Radeon (TM) R9 390 Series (ID=0x67b1)
    Vendor:   
    VRAM:     8168 MB
    Driver:   27.20.1034.6
Initialize mono
Mono path[0] = 'E:/Unity/2020.3.3f1/Editor/Data/Managed'
Mono path[1] = 'E:/Unity/2020.3.3f1/Editor/Data/MonoBleedingEdge/lib/mono/unityjit'
Mono config path = 'E:/Unity/2020.3.3f1/Editor/Data/MonoBleedingEdge/etc'
Using monoOptions --debugger-agent=transport=dt_socket,embedding=1,server=y,suspend=n,address=127.0.0.1:56248
Begin MonoManager ReloadAssembly
Registering precompiled unity dll's ...
Register platform support module: E:/Unity/2020.3.3f1/Editor/Data/PlaybackEngines/WebGLSupport/UnityEditor.WebGL.Extensions.dll
Register platform support module: E:/Unity/2020.3.3f1/Editor/Data/PlaybackEngines/WindowsStandaloneSupport/UnityEditor.WindowsStandalone.Extensions.dll
Registered in 0.002134 seconds.
Native extension for WindowsStandalone target not found
Native extension for WebGL target not found
Refreshing native plugins compatible for Editor in 72.03 ms, found 1 plugins.
Preloading 0 native plugins for Editor in 0.00 ms.
Invoked RoslynAnalysisRunner static constructor.
RoslynAnalysisRunner will not be running.
RoslynAnalysisRunner has terminated.
Mono: successfully reloaded assembly
- Completed reload, in  3.147 seconds
Platform modules already initialized, skipping
Registering precompiled user dll's ...
Registered in 0.001116 seconds.
Begin MonoManager ReloadAssembly
Native extension for WindowsStandalone target not found
Native extension for WebGL target not found
Refreshing native plugins compatible for Editor in 99.19 ms, found 1 plugins.
Preloading 0 native plugins for Editor in 0.00 ms.
Invoked RoslynAnalysisRunner static constructor.
RoslynAnalysisRunner will not be running.
RoslynAnalysisRunner has terminated.
Mono: successfully reloaded assembly
- Completed reload, in  2.162 seconds
Platform modules already initialized, skipping
========================================================================
Worker process is ready to serve import requests
Launched and connected shader compiler UnityShaderCompiler.exe after 0.12 seconds
Refreshing native plugins compatible for Editor in 0.47 ms, found 1 plugins.
Preloading 0 native plugins for Editor in 0.00 ms.
Unloading 1808 Unused Serialized files (Serialized files now loaded: 0)
System memory in use before: 85.0 MB.
System memory in use after: 85.0 MB.

Unloading 24 unused Assets to reduce memory usage. Loaded Objects now: 2250.
Total: 3.560900 ms (FindLiveObjects: 0.611800 ms CreateObjectMapping: 0.676900 ms MarkObjects: 2.124300 ms  DeleteObjects: 0.146200 ms)

========================================================================
Received Import Request.
  path: Assets/Scenes/Background
  artifactKey: Guid(a52a975336d39e648895cbc6b91f793a) Importer(815301076,1909f56bfc062723c751e8b465ee728b)
Start importing Assets/Scenes/Background using Guid(a52a975336d39e648895cbc6b91f793a) Importer(815301076,1909f56bfc062723c751e8b465ee728b)  -> (artifact id: '9a3535e936e12c4e122aabf57cecbd29') in 0.006792 seconds
  Import took 0.048521 seconds .

========================================================================
Received Import Request.
  Time since last request: 7.760086 seconds.
  path: Assets/Scenes/Background/BattleKid-FortressOfPeril(Unlicensed)-MainFortress.png
  artifactKey: Guid(a39eb6e671d9c4a45ae9a86076b99a0e) Importer(815301076,1909f56bfc062723c751e8b465ee728b)
Start importing Assets/Scenes/Background/BattleKid-FortressOfPeril(Unlicensed)-MainFortress.png using Guid(a39eb6e671d9c4a45ae9a86076b99a0e) Importer(815301076,1909f56bfc062723c751e8b465ee728b)  -> (artifact id: 'a0bcbf5239c570852aad58b2958bf500') in 0.166974 seconds
  Import took 0.176766 seconds .

========================================================================
Received Import Request.
  Time since last request: 17.174009 seconds.
  path: Assets/Scenes/Background/BattleKid-FortressOfPeril(Unlicensed)-MainFortress.png
  artifactKey: Guid(a39eb6e671d9c4a45ae9a86076b99a0e) Importer(815301076,1909f56bfc062723c751e8b465ee728b)
Start importing Assets/Scenes/Background/BattleKid-FortressOfPeril(Unlicensed)-MainFortress.png using Guid(a39eb6e671d9c4a45ae9a86076b99a0e) Importer(815301076,1909f56bfc062723c751e8b465ee728b)  -> (artifact id: '73b427a2336b9a1893b31dfee4eea358') in 0.015542 seconds
  Import took 0.033381 seconds .

========================================================================
Received Import Request.
  Time since last request: 64.746045 seconds.
  path: Assets/Scenes/Background/BattleKid-FortressOfPeril(Unlicensed)-MainFortress.png
  artifactKey: Guid(a39eb6e671d9c4a45ae9a86076b99a0e) Importer(815301076,1909f56bfc062723c751e8b465ee728b)
Start importing Assets/Scenes/Background/BattleKid-FortressOfPeril(Unlicensed)-MainFortress.png using Guid(a39eb6e671d9c4a45ae9a86076b99a0e) Importer(815301076,1909f56bfc062723c751e8b465ee728b)  -> (artifact id: 'd4a6ac4b4579cd73af573750c69c8ce6') in 0.019548 seconds
  Import took 0.032461 seconds .

========================================================================
Received Import Request.
  Time since last request: 59.134035 seconds.
  path: Assets/Scenes/Background/BattleKid-FortressOfPeril(Unlicensed)-MainFortress.png
  artifactKey: Guid(a39eb6e671d9c4a45ae9a86076b99a0e) Importer(815301076,1909f56bfc062723c751e8b465ee728b)
Start importing Assets/Scenes/Background/BattleKid-FortressOfPeril(Unlicensed)-MainFortress.png using Guid(a39eb6e671d9c4a45ae9a86076b99a0e) Importer(815301076,1909f56bfc062723c751e8b465ee728b)  -> (artifact id: '8605df6c04bf411a64e1eaf0874a256a') in 0.062726 seconds
  Import took 0.075284 seconds .

========================================================================
Received Import Request.
  Time since last request: 305.844324 seconds.
  path: Assets/Scenes/Background/BattleKid-FortressOfPeril(Unlicensed)-MainFortress.png
  artifactKey: Guid(a39eb6e671d9c4a45ae9a86076b99a0e) Importer(815301076,1909f56bfc062723c751e8b465ee728b)
Start importing Assets/Scenes/Background/BattleKid-FortressOfPeril(Unlicensed)-MainFortress.png using Guid(a39eb6e671d9c4a45ae9a86076b99a0e) Importer(815301076,1909f56bfc062723c751e8b465ee728b)  -> (artifact id: '6bd5258aca5c8b57e4593022dcfe620e') in 0.587359 seconds
  Import took 0.671295 seconds .

========================================================================
Received Import Request.
  Time since last request: 77.024577 seconds.
  path: Assets/Scenes/Background/BattleKid-FortressOfPeril(Unlicensed)-MainFortress.png
  artifactKey: Guid(a39eb6e671d9c4a45ae9a86076b99a0e) Importer(815301076,1909f56bfc062723c751e8b465ee728b)
Start importing Assets/Scenes/Background/BattleKid-FortressOfPeril(Unlicensed)-MainFortress.png using Guid(a39eb6e671d9c4a45ae9a86076b99a0e) Importer(815301076,1909f56bfc062723c751e8b465ee728b)  -> (artifact id: 'a8573e7c77382b730387e22ebd13df26') in 0.890270 seconds
  Import took 0.921427 seconds .

========================================================================
Received Import Request.
  Time since last request: 751.270035 seconds.
  path: Assets/Scenes/Sprites
  artifactKey: Guid(a419ada91bb862048bdfa1badfb0fb28) Importer(815301076,1909f56bfc062723c751e8b465ee728b)
Start importing Assets/Scenes/Sprites using Guid(a419ada91bb862048bdfa1badfb0fb28) Importer(815301076,1909f56bfc062723c751e8b465ee728b)  -> (artifact id: 'bcf82bb20c49df6ab147492c21c50860') in 0.003182 seconds
  Import took 0.023530 seconds .

========================================================================
Received Import Request.
  Time since last request: 6.367828 seconds.
  path: Assets/Scenes/Enemies
  artifactKey: Guid(dd4d8dd0bd0ee0e4e93d46d8c6ad2d07) Importer(815301076,1909f56bfc062723c751e8b465ee728b)
Start importing Assets/Scenes/Enemies using Guid(dd4d8dd0bd0ee0e4e93d46d8c6ad2d07) Importer(815301076,1909f56bfc062723c751e8b465ee728b)  -> (artifact id: 'f1815003ff9fb1d0b2941ca17040e346') in 0.002647 seconds
  Import took 0.006409 seconds .

========================================================================
Received Import Request.
  Time since last request: 100.838535 seconds.
  path: Assets/Scenes/Sprites/NES - Battle Kid 1 Fortress of Peril Homebrew - HUD & Font.png
  artifactKey: Guid(1c06c12fa50657345817e96970676743) Importer(815301076,1909f56bfc062723c751e8b465ee728b)
Start importing Assets/Scenes/Sprites/NES - Battle Kid 1 Fortress of Peril Homebrew - HUD & Font.png using Guid(1c06c12fa50657345817e96970676743) Importer(815301076,1909f56bfc062723c751e8b465ee728b)  -> (artifact id: '897e74f73c7ba95710ad71c34dd1c655') in 0.021719 seconds
  Import took 0.035899 seconds .

========================================================================
Received Import Request.
  Time since last request: 28.986086 seconds.
  path: Assets/Scenes/Sprites/NES - Battle Kid 1 Fortress of Peril Homebrew - HUD & Font.png
  artifactKey: Guid(1c06c12fa50657345817e96970676743) Importer(815301076,1909f56bfc062723c751e8b465ee728b)
Start importing Assets/Scenes/Sprites/NES - Battle Kid 1 Fortress of Peril Homebrew - HUD & Font.png using Guid(1c06c12fa50657345817e96970676743) Importer(815301076,1909f56bfc062723c751e8b465ee728b)  -> (artifact id: '33fd210ecbec7df54ff8f14c8f905156') in 0.010443 seconds
  Import took 0.014122 seconds .

========================================================================
Received Import Request.
  Time since last request: 38.885642 seconds.
  path: Assets/Scenes/Sprites/Edited Battle Kid.png
  artifactKey: Guid(461c108afd91ba246be470496919bcd2) Importer(815301076,1909f56bfc062723c751e8b465ee728b)
Start importing Assets/Scenes/Sprites/Edited Battle Kid.png using Guid(461c108afd91ba246be470496919bcd2) Importer(815301076,1909f56bfc062723c751e8b465ee728b)  -> (artifact id: 'b5f4486e54ecd9fca763b4d3440728b6') in 0.012286 seconds
  Import took 0.016538 seconds .

========================================================================
Received Import Request.
  Time since last request: 4.821693 seconds.
  path: Assets/Scenes/Sprites/Edited Battle Kid.png
  artifactKey: Guid(461c108afd91ba246be470496919bcd2) Importer(815301076,1909f56bfc062723c751e8b465ee728b)
Start importing Assets/Scenes/Sprites/Edited Battle Kid.png using Guid(461c108afd91ba246be470496919bcd2) Importer(815301076,1909f56bfc062723c751e8b465ee728b)  -> (artifact id: '84f56fd58544468cdd8b88455a3b64fb') in 0.012421 seconds
  Import took 0.016461 seconds .

========================================================================
Received Import Request.
  Time since last request: 8.279033 seconds.
  path: Assets/Scenes/Sprites/Edited Battle Kid.png
  artifactKey: Guid(461c108afd91ba246be470496919bcd2) Importer(815301076,1909f56bfc062723c751e8b465ee728b)
Start importing Assets/Scenes/Sprites/Edited Battle Kid.png using Guid(461c108afd91ba246be470496919bcd2) Importer(815301076,1909f56bfc062723c751e8b465ee728b)  -> (artifact id: '07d09908b83e304cfccc7c923f1b870b') in 0.006289 seconds
  Import took 0.009791 seconds .

========================================================================
Received Import Request.
  Time since last request: 22.845923 seconds.
  path: Assets/Scenes/Sprites/Edited Battle Kid.png
  artifactKey: Guid(461c108afd91ba246be470496919bcd2) Importer(815301076,1909f56bfc062723c751e8b465ee728b)
Start importing Assets/Scenes/Sprites/Edited Battle Kid.png using Guid(461c108afd91ba246be470496919bcd2) Importer(815301076,1909f56bfc062723c751e8b465ee728b)  -> (artifact id: 'e15d4abdfe867db0bab73b00ddb733ba') in 0.241012 seconds
  Import took 0.251255 seconds .

========================================================================
Received Import Request.
  Time since last request: 484.184403 seconds.
  path: Assets/Scenes/Sprites/Edited Battle Kid.png
  artifactKey: Guid(461c108afd91ba246be470496919bcd2) Importer(815301076,1909f56bfc062723c751e8b465ee728b)
Start importing Assets/Scenes/Sprites/Edited Battle Kid.png using Guid(461c108afd91ba246be470496919bcd2) Importer(815301076,1909f56bfc062723c751e8b465ee728b)  -> (artifact id: 'c5fcb9460b267c61f44ef37855bbd14d') in 0.231270 seconds
  Import took 0.235919 seconds .

========================================================================
Received Import Request.
  Time since last request: 160.612790 seconds.
  path: Assets/Scenes/Sprites/UnusedSprites
  artifactKey: Guid(e502987c8b3ed06488ac901a5358a0e3) Importer(815301076,1909f56bfc062723c751e8b465ee728b)
Start importing Assets/Scenes/Sprites/UnusedSprites using Guid(e502987c8b3ed06488ac901a5358a0e3) Importer(815301076,1909f56bfc062723c751e8b465ee728b)  -> (artifact id: '3d36d6584d54830db75ffdf578da245f') in 0.002626 seconds
  Import took 0.006199 seconds .

========================================================================
Received Import Request.
  Time since last request: 546.641982 seconds.
  path: ProjectSettings/TagManager.asset
  artifactKey: Guid(00000000000000003000000000000000) Importer(815301076,1909f56bfc062723c751e8b465ee728b)
Start importing ProjectSettings/TagManager.asset using Guid(00000000000000003000000000000000) Importer(815301076,1909f56bfc062723c751e8b465ee728b)  -> (artifact id: '3125bf62d54dbcdd0ce3e4c540a7aa4e') in 0.025093 seconds
  Import took 0.028878 seconds .

========================================================================
Received Import Request.
  Time since last request: 416.519881 seconds.
  path: Assets/Scenes/Sprites/Edited Battle Kid.png
  artifactKey: Guid(461c108afd91ba246be470496919bcd2) Importer(815301076,1909f56bfc062723c751e8b465ee728b)
Start importing Assets/Scenes/Sprites/Edited Battle Kid.png using Guid(461c108afd91ba246be470496919bcd2) Importer(815301076,1909f56bfc062723c751e8b465ee728b)  -> (artifact id: 'def2169a850ae1d5fa710ee14d5e2bfd') in 0.218830 seconds
  Import took 0.223711 seconds .

========================================================================
Received Prepare
Registering precompiled user dll's ...
Registered in 0.001190 seconds.
Begin MonoManager ReloadAssembly
Native extension for WindowsStandalone target not found
Native extension for WebGL target not found
Refreshing native plugins compatible for Editor in 0.36 ms, found 1 plugins.
Preloading 0 native plugins for Editor in 0.00 ms.
Invoked RoslynAnalysisRunner static constructor.
RoslynAnalysisRunner will not be running.
RoslynAnalysisRunner has terminated.
Mono: successfully reloaded assembly
- Completed reload, in  1.132 seconds
Platform modules already initialized, skipping
Refreshing native plugins compatible for Editor in 0.45 ms, found 1 plugins.
Preloading 0 native plugins for Editor in 0.00 ms.
Unloading 1803 Unused Serialized files (Serialized files now loaded: 0)
System memory in use before: 88.3 MB.
System memory in use after: 88.2 MB.

Unloading 13 unused Assets to reduce memory usage. Loaded Objects now: 2350.
Total: 2.333500 ms (FindLiveObjects: 0.210300 ms CreateObjectMapping: 0.070300 ms MarkObjects: 1.867100 ms  DeleteObjects: 0.184400 ms)

========================================================================
Received Import Request.
  Time since last request: 1799.127859 seconds.
  path: Assets/Scenes/Enemies/NES - Battle Kid 1 Fortress of Peril Homebrew - Enemies.png
  artifactKey: Guid(f9ebba5cc1a0b864999537975f9e7f3e) Importer(815301076,1909f56bfc062723c751e8b465ee728b)
Start importing Assets/Scenes/Enemies/NES - Battle Kid 1 Fortress of Peril Homebrew - Enemies.png using Guid(f9ebba5cc1a0b864999537975f9e7f3e) Importer(815301076,1909f56bfc062723c751e8b465ee728b)  -> (artifact id: '5b1179296300d2a798c63b5d3b5c5039') in 0.070868 seconds
  Import took 0.075604 seconds .

========================================================================
Received Import Request.
  Time since last request: 22.803142 seconds.
  path: Assets/Scenes/Enemies/Enemies Edit.png
  artifactKey: Guid(b67017cabc985ba4bbe8336d12833b44) Importer(815301076,1909f56bfc062723c751e8b465ee728b)
Start importing Assets/Scenes/Enemies/Enemies Edit.png using Guid(b67017cabc985ba4bbe8336d12833b44) Importer(815301076,1909f56bfc062723c751e8b465ee728b)  -> (artifact id: '9edfe0589622e2083d9f2676ad0b2e9c') in 0.014676 seconds
  Import took 0.017955 seconds .

========================================================================
Received Import Request.
  Time since last request: 649.665170 seconds.
  path: Assets/Scenes/Enemies/Enemies Edit.png
  artifactKey: Guid(b67017cabc985ba4bbe8336d12833b44) Importer(815301076,1909f56bfc062723c751e8b465ee728b)
Start importing Assets/Scenes/Enemies/Enemies Edit.png using Guid(b67017cabc985ba4bbe8336d12833b44) Importer(815301076,1909f56bfc062723c751e8b465ee728b)  -> (artifact id: '537158e4cd78f11df3640200b51f2647') in 0.012000 seconds
  Import took 0.016291 seconds .

========================================================================
Received Import Request.
  Time since last request: 403.734525 seconds.
  path: Assets/Scenes/Enemies/Enemies Edit.png
  artifactKey: Guid(b67017cabc985ba4bbe8336d12833b44) Importer(815301076,1909f56bfc062723c751e8b465ee728b)
Start importing Assets/Scenes/Enemies/Enemies Edit.png using Guid(b67017cabc985ba4bbe8336d12833b44) Importer(815301076,1909f56bfc062723c751e8b465ee728b)  -> (artifact id: 'ee73f4babf0def94d7a074189b69e14d') in 0.022330 seconds
  Import took 0.027732 seconds .

========================================================================
Received Import Request.
  Time since last request: 10.540470 seconds.
  path: Assets/Scenes/Enemies/Enemies Edit.png
  artifactKey: Guid(b67017cabc985ba4bbe8336d12833b44) Importer(815301076,1909f56bfc062723c751e8b465ee728b)
Start importing Assets/Scenes/Enemies/Enemies Edit.png using Guid(b67017cabc985ba4bbe8336d12833b44) Importer(815301076,1909f56bfc062723c751e8b465ee728b)  -> (artifact id: 'fc41de0c6796103943bccc7cac9268f7') in 0.016365 seconds
  Import took 0.019949 seconds .

========================================================================
Received Import Request.
  Time since last request: 8.181728 seconds.
  path: Assets/Scenes/Enemies/Enemies Edit.png
  artifactKey: Guid(b67017cabc985ba4bbe8336d12833b44) Importer(815301076,1909f56bfc062723c751e8b465ee728b)
Start importing Assets/Scenes/Enemies/Enemies Edit.png using Guid(b67017cabc985ba4bbe8336d12833b44) Importer(815301076,1909f56bfc062723c751e8b465ee728b)  -> (artifact id: '224042beddd0d1695e241264fc1cb05e') in 0.009798 seconds
  Import took 0.015158 seconds .

========================================================================
Received Import Request.
  Time since last request: 631.118905 seconds.
  path: Assets/Scenes/Enemies/Enemies Edit 2.png
  artifactKey: Guid(00fb0265408307740916bb0f1c52c890) Importer(815301076,1909f56bfc062723c751e8b465ee728b)
Start importing Assets/Scenes/Enemies/Enemies Edit 2.png using Guid(00fb0265408307740916bb0f1c52c890) Importer(815301076,1909f56bfc062723c751e8b465ee728b)  -> (artifact id: '347cf9b2e91728abe4c830c5ca79a0a4') in 0.018818 seconds
  Import took 0.024460 seconds .

========================================================================
Received Import Request.
  Time since last request: 6.788972 seconds.
  path: Assets/Scenes/Enemies/Enemies Edit 2.png
  artifactKey: Guid(00fb0265408307740916bb0f1c52c890) Importer(815301076,1909f56bfc062723c751e8b465ee728b)
Start importing Assets/Scenes/Enemies/Enemies Edit 2.png using Guid(00fb0265408307740916bb0f1c52c890) Importer(815301076,1909f56bfc062723c751e8b465ee728b)  -> (artifact id: 'e19508d2986c72d6af9d8a1b21025569') in 0.016106 seconds
  Import took 0.020277 seconds .

========================================================================
Received Import Request.
  Time since last request: 5.671794 seconds.
  path: Assets/Scenes/Enemies/Enemies Edit 2.png
  artifactKey: Guid(00fb0265408307740916bb0f1c52c890) Importer(815301076,1909f56bfc062723c751e8b465ee728b)
Start importing Assets/Scenes/Enemies/Enemies Edit 2.png using Guid(00fb0265408307740916bb0f1c52c890) Importer(815301076,1909f56bfc062723c751e8b465ee728b)  -> (artifact id: '1eebb099481691460b83d0eb62791f19') in 0.008456 seconds
  Import took 0.019488 seconds .

========================================================================
Received Import Request.
  Time since last request: 1103.071694 seconds.
  path: Assets/Scenes/Enemies/Enemies Edit 2.png
  artifactKey: Guid(00fb0265408307740916bb0f1c52c890) Importer(815301076,1909f56bfc062723c751e8b465ee728b)
Start importing Assets/Scenes/Enemies/Enemies Edit 2.png using Guid(00fb0265408307740916bb0f1c52c890) Importer(815301076,1909f56bfc062723c751e8b465ee728b)  -> (artifact id: '9e57e81543dffc0ebb28c4399ff538a0') in 0.187123 seconds
  Import took 0.191933 seconds .

========================================================================
Received Import Request.
  Time since last request: 1214.597964 seconds.
  path: Packages/com.unity.2d.sprite/Editor/ObjectMenuCreation/DefaultAssets/Textures/9-Sliced.png
  artifactKey: Guid(71ebafeef3c03457483266a33ab2b270) Importer(815301076,1909f56bfc062723c751e8b465ee728b)
Start importing Packages/com.unity.2d.sprite/Editor/ObjectMenuCreation/DefaultAssets/Textures/9-Sliced.png using Guid(71ebafeef3c03457483266a33ab2b270) Importer(815301076,1909f56bfc062723c751e8b465ee728b)  -> (artifact id: 'd7d80d60cbb0f5480eb2e9ff3163771b') in 0.039283 seconds
  Import took 0.046361 seconds .

========================================================================
Received Import Request.
  Time since last request: 0.000344 seconds.
  path: Packages/com.unity.2d.sprite/Editor/ObjectMenuCreation/DefaultAssets/Textures/9-SlicedWithBorder.png
  artifactKey: Guid(cc35afd292fc349128b36a291fb3a165) Importer(815301076,1909f56bfc062723c751e8b465ee728b)
Start importing Packages/com.unity.2d.sprite/Editor/ObjectMenuCreation/DefaultAssets/Textures/9-SlicedWithBorder.png using Guid(cc35afd292fc349128b36a291fb3a165) Importer(815301076,1909f56bfc062723c751e8b465ee728b)  -> (artifact id: 'a6d515dd9d2d481bc8f46de0fd796a87') in 0.027082 seconds
  Import took 0.030742 seconds .

========================================================================
Received Import Request.
  Time since last request: 0.000265 seconds.
  path: Packages/com.unity.2d.sprite/Editor/ObjectMenuCreation/DefaultAssets/Textures/9-Sliced.png
  artifactKey: Guid(71ebafeef3c03457483266a33ab2b270) Importer(815301076,1909f56bfc062723c751e8b465ee728b)
Start importing Packages/com.unity.2d.sprite/Editor/ObjectMenuCreation/DefaultAssets/Textures/9-Sliced.png using Guid(71ebafeef3c03457483266a33ab2b270) Importer(815301076,1909f56bfc062723c751e8b465ee728b)  -> (artifact id: 'd7d80d60cbb0f5480eb2e9ff3163771b') in 0.018958 seconds
  Import took 0.023656 seconds .

========================================================================
Received Import Request.
  Time since last request: 0.000276 seconds.
  path: Packages/com.unity.collab-proxy/Editor/Assets/Icons/back-dark.png
  artifactKey: Guid(8e3ec2dfd58b79842aa78376678a9a05) Importer(815301076,1909f56bfc062723c751e8b465ee728b)
Start importing Packages/com.unity.collab-proxy/Editor/Assets/Icons/back-dark.png using Guid(8e3ec2dfd58b79842aa78376678a9a05) Importer(815301076,1909f56bfc062723c751e8b465ee728b)  -> (artifact id: '69b8c63c435cffc8eb391a7745ce31d7') in 0.015475 seconds
  Import took 0.019462 seconds .

========================================================================
Received Import Request.
  Time since last request: 0.000340 seconds.
  path: Packages/com.unity.collab-proxy/Editor/Assets/Icons/added-file-dark.png
  artifactKey: Guid(1a4f52b613391cd449af3ad2e44affeb) Importer(815301076,1909f56bfc062723c751e8b465ee728b)
Start importing Packages/com.unity.collab-proxy/Editor/Assets/Icons/added-file-dark.png using Guid(1a4f52b613391cd449af3ad2e44affeb) Importer(815301076,1909f56bfc062723c751e8b465ee728b)  -> (artifact id: 'db1e8611cc549bd07cca4a2f5d6e5a1c') in 0.013890 seconds
  Import took 0.042696 seconds .

========================================================================
Received Import Request.
  Time since last request: 0.000259 seconds.
  path: Packages/com.unity.collab-proxy/Editor/Assets/Icons/back-dark@2x.png
  artifactKey: Guid(9c6313a5316f8a34b852bf94ff96e3ab) Importer(815301076,1909f56bfc062723c751e8b465ee728b)
Start importing Packages/com.unity.collab-proxy/Editor/Assets/Icons/back-dark@2x.png using Guid(9c6313a5316f8a34b852bf94ff96e3ab) Importer(815301076,1909f56bfc062723c751e8b465ee728b)  -> (artifact id: 'b588310b55869cbc486115aa69b1ccab') in 0.016882 seconds
  Import took 0.020148 seconds .

========================================================================
Received Import Request.
  Time since last request: 0.000284 seconds.
  path: Packages/com.unity.collab-proxy/Editor/Assets/Icons/added-file-dark@2x.png
  artifactKey: Guid(c223e0c507e2c6549a2cb97441b62cbe) Importer(815301076,1909f56bfc062723c751e8b465ee728b)
Start importing Packages/com.unity.collab-proxy/Editor/Assets/Icons/added-file-dark@2x.png using Guid(c223e0c507e2c6549a2cb97441b62cbe) Importer(815301076,1909f56bfc062723c751e8b465ee728b)  -> (artifact id: 'f89d69cfd65303012913f0e9bae2b474') in 0.018677 seconds
  Import took 0.022806 seconds .

========================================================================
Received Import Request.
  Time since last request: 0.000288 seconds.
  path: Packages/com.unity.collab-proxy/Editor/Assets/Icons/added-file-light@2x.png
  artifactKey: Guid(ec2e3aa6d0ab8ce4eac29b56d65d61d5) Importer(815301076,1909f56bfc062723c751e8b465ee728b)
Start importing Packages/com.unity.collab-proxy/Editor/Assets/Icons/added-file-light@2x.png using Guid(ec2e3aa6d0ab8ce4eac29b56d65d61d5) Importer(815301076,1909f56bfc062723c751e8b465ee728b)  -> (artifact id: '782e9506c4145a6d2694135fa4109023') in 0.017752 seconds
  Import took 0.029867 seconds .

========================================================================
Received Import Request.
  Time since last request: 0.000399 seconds.
  path: Packages/com.unity.collab-proxy/Editor/Assets/Icons/added-file-light.png
  artifactKey: Guid(397fff6c3885f8343bb65714f0064b5d) Importer(815301076,1909f56bfc062723c751e8b465ee728b)
Start importing Packages/com.unity.collab-proxy/Editor/Assets/Icons/added-file-light.png using Guid(397fff6c3885f8343bb65714f0064b5d) Importer(815301076,1909f56bfc062723c751e8b465ee728b)  -> (artifact id: '507d01aa476b46f9d0fbfbce3cecc40f') in 0.024045 seconds
  Import took 0.027284 seconds .

========================================================================
Received Import Request.
  Time since last request: 5503.278164 seconds.
  path: Assets/Scenes
  artifactKey: Guid(16a6cd20bcfcfde49982ced25ae7a25e) Importer(815301076,1909f56bfc062723c751e8b465ee728b)
Start importing Assets/Scenes using Guid(16a6cd20bcfcfde49982ced25ae7a25e) Importer(815301076,1909f56bfc062723c751e8b465ee728b)  -> (artifact id: 'b2688aff1625a92ff2c530af01235f34') in 0.002459 seconds
  Import took 0.006761 seconds .

========================================================================
Received Import Request.
  Time since last request: 0.000787 seconds.
  path: Assets/Scenes
  artifactKey: Guid(16a6cd20bcfcfde49982ced25ae7a25e) Importer(815301076,1909f56bfc062723c751e8b465ee728b)
Start importing Assets/Scenes using Guid(16a6cd20bcfcfde49982ced25ae7a25e) Importer(815301076,1909f56bfc062723c751e8b465ee728b)  -> (artifact id: 'b2688aff1625a92ff2c530af01235f34') in 0.002685 seconds
  Import took 0.006406 seconds .

========================================================================
Received Import Request.
  Time since last request: 9.957100 seconds.
  path: Assets/Scenes/PowerUps
  artifactKey: Guid(89cbcb32bab9a624399795e67f9cf1df) Importer(815301076,1909f56bfc062723c751e8b465ee728b)
Start importing Assets/Scenes/PowerUps using Guid(89cbcb32bab9a624399795e67f9cf1df) Importer(815301076,1909f56bfc062723c751e8b465ee728b)  -> (artifact id: 'bf0451a70dbff6903bc81b2d27b81518') in 0.005927 seconds
  Import took 0.010005 seconds .

========================================================================
Received Import Request.
  Time since last request: 65.159418 seconds.
  path: Assets/Scenes/PowerUps/NES - Battle Kid 1 Fortress of Peril Homebrew - HUD & Font.png
  artifactKey: Guid(2173494a1a8cef141abe84145b41d897) Importer(815301076,1909f56bfc062723c751e8b465ee728b)
Start importing Assets/Scenes/PowerUps/NES - Battle Kid 1 Fortress of Peril Homebrew - HUD & Font.png using Guid(2173494a1a8cef141abe84145b41d897) Importer(815301076,1909f56bfc062723c751e8b465ee728b)  -> (artifact id: '922c6b4ef6a769ec12a9d01c62404d9c') in 0.016675 seconds
  Import took 0.020719 seconds .

========================================================================
Received Import Request.
  Time since last request: 12.738505 seconds.
  path: Assets/Scenes/PowerUps/NES - Battle Kid 1 Fortress of Peril Homebrew - HUD & Font.png
  artifactKey: Guid(2173494a1a8cef141abe84145b41d897) Importer(815301076,1909f56bfc062723c751e8b465ee728b)
Start importing Assets/Scenes/PowerUps/NES - Battle Kid 1 Fortress of Peril Homebrew - HUD & Font.png using Guid(2173494a1a8cef141abe84145b41d897) Importer(815301076,1909f56bfc062723c751e8b465ee728b)  -> (artifact id: '392fe46d8012e03756017ee9c8e3a1ae') in 0.011137 seconds
  Import took 0.015876 seconds .

========================================================================
Received Import Request.
  Time since last request: 0.002243 seconds.
  path: Assets/Scenes/PowerUps/NES - Battle Kid 1 Fortress of Peril Homebrew - HUD & Font.png
  artifactKey: Guid(2173494a1a8cef141abe84145b41d897) Importer(815301076,1909f56bfc062723c751e8b465ee728b)
Start importing Assets/Scenes/PowerUps/NES - Battle Kid 1 Fortress of Peril Homebrew - HUD & Font.png using Guid(2173494a1a8cef141abe84145b41d897) Importer(815301076,1909f56bfc062723c751e8b465ee728b)  -> (artifact id: '392fe46d8012e03756017ee9c8e3a1ae') in 0.009832 seconds
  Import took 0.013603 seconds .

========================================================================
Received Import Request.
  Time since last request: 13.726599 seconds.
  path: Assets/Scenes/PowerUps/NES - Battle Kid 1 Fortress of Peril Homebrew - HUD & Font.png
  artifactKey: Guid(2173494a1a8cef141abe84145b41d897) Importer(815301076,1909f56bfc062723c751e8b465ee728b)
Start importing Assets/Scenes/PowerUps/NES - Battle Kid 1 Fortress of Peril Homebrew - HUD & Font.png using Guid(2173494a1a8cef141abe84145b41d897) Importer(815301076,1909f56bfc062723c751e8b465ee728b)  -> (artifact id: 'a51ca955a2100266202e232b83b5827b') in 0.007190 seconds
  Import took 0.016000 seconds .

========================================================================
Received Import Request.
  Time since last request: 178.693697 seconds.
  path: Assets/Scenes/PowerUps/NES - Battle Kid 1 Fortress of Peril Homebrew - HUD & Font.png
  artifactKey: Guid(2173494a1a8cef141abe84145b41d897) Importer(815301076,1909f56bfc062723c751e8b465ee728b)
Start importing Assets/Scenes/PowerUps/NES - Battle Kid 1 Fortress of Peril Homebrew - HUD & Font.png using Guid(2173494a1a8cef141abe84145b41d897) Importer(815301076,1909f56bfc062723c751e8b465ee728b)  -> (artifact id: '067e6955cb8b8784e4c9eb2592ecb9a5') in 0.022436 seconds
  Import took 0.026894 seconds .

========================================================================
Received Import Request.
  Time since last request: 752.362594 seconds.
  path: Assets/Scenes/Player
  artifactKey: Guid(a419ada91bb862048bdfa1badfb0fb28) Importer(815301076,1909f56bfc062723c751e8b465ee728b)
Start importing Assets/Scenes/Player using Guid(a419ada91bb862048bdfa1badfb0fb28) Importer(815301076,1909f56bfc062723c751e8b465ee728b)  -> (artifact id: '3e6f083d24a9e4fb84c2b2a6aa3911fb') in 0.003456 seconds
  Import took 0.008332 seconds .

========================================================================
Received Import Request.
  Time since last request: 147.545197 seconds.
  path: Assets/Scenes/Player/Edited Battle Kid.png
  artifactKey: Guid(461c108afd91ba246be470496919bcd2) Importer(815301076,1909f56bfc062723c751e8b465ee728b)
Start importing Assets/Scenes/Player/Edited Battle Kid.png using Guid(461c108afd91ba246be470496919bcd2) Importer(815301076,1909f56bfc062723c751e8b465ee728b)  -> (artifact id: 'a4dd8e41b421b538b8431fe7d09aade2') in 0.053649 seconds
  Import took 0.057417 seconds .

